[2025-11-09 03:52:36] DEBUG Created id for stack "stk_1"
[2025-11-09 03:52:36] INFO  Hash updated
[2025-11-09 03:52:36] INFO  Stack "stk_1" created
[2025-11-09 03:52:36] INFO  Hash updated
[2025-11-09 03:52:36] DEBUG PUSH 1 in "stk_1"
[2025-11-09 03:52:36] INFO  Hash updated
[2025-11-09 03:52:36] DEBUG PUSH 2 in "stk_1"
[2025-11-09 03:52:36] INFO  Hash updated
[2025-11-09 03:52:36] DEBUG PUSH 3 in "stk_1"
[2025-11-09 03:52:36] ERROR ./STACK/headers/StackDump.hpp:15: STK_WRONG_HASH
[2025-11-09 03:52:36] ERROR ./STACK/headers/StackDump.hpp:21: STK_WRONG_POISON_VAL
---------------------------------------------------------------------------------------------------------------------------
DUMP stack "stk_1" [0x16d676fa0] from StackPush at ./STACK/headers/StackFunc.hpp:57:

STK_POISON = 777

STK_CANARY_1 = 111
STK_CANARY_2 = 222
STK_CANARY_3 = 333
STK_CANARY_4 = 444

stk_1 {
	canary_1 = 111; (STK_CANARY_1)
	data = {
		[0] = 333, (STK_CANARY_3)
		[1] = 1, 
		[2] = 2, 
		[3] = 3, 
		[4] = 777, (STK_POISON)
		[5] = 777, (STK_POISON)
		[6] = 777, (STK_POISON)
		[7] = 777, (STK_POISON)
		[8] = 777, (STK_POISON)
		[9] = 8, (STK_POISON)
		[10] = 777, (STK_POISON)
		[11] = 777, (STK_POISON)
		[12] = 777, (STK_POISON)
		[13] = 777, (STK_POISON)
		[14] = 777, (STK_POISON)
		[15] = 777, (STK_POISON)
		[16] = 777, (STK_POISON)
		[17] = 444 (STK_CANARY_4)
		};
	size = 5;
	capacity = 18;
	hash = feaf7ecc59138015;
	canary_2 = 222; (STK_CANARY_2)
}
---------------------------------------------------------------------------------------------------------------------------
[2025-11-09 03:52:36] INFO  Stack "stk_1" destroed
